2018-12-28 13:57:01,594 [7] INFO  IPMSFeedService.BasicHttpAuthenticationModule - Username : Guest 
2018-12-28 13:57:01,606 [8] INFO  IPMSFeedService.BasicHttpAuthenticationModule - Username : Guest 
2018-12-28 13:57:01,615 [7] INFO  IPMSFeedService.BasicHttpAuthenticationModule - Username : IUSR_NITSRV01 
2018-12-28 13:57:01,616 [8] INFO  IPMSFeedService.BasicHttpAuthenticationModule - Username : IUSR_NITSRV01 
2018-12-28 13:57:01,620 [7] INFO  IPMSFeedService.BasicHttpAuthenticationModule - Username : Administrator 
2018-12-28 13:57:01,621 [8] INFO  IPMSFeedService.BasicHttpAuthenticationModule - Username : Administrator 
2018-12-28 13:57:01,623 [7] INFO  IPMSFeedService.BasicHttpAuthenticationModule - Username : krbtgt 
2018-12-28 13:57:01,625 [8] INFO  IPMSFeedService.BasicHttpAuthenticationModule - Username : krbtgt 
2018-12-28 13:57:01,627 [7] INFO  IPMSFeedService.BasicHttpAuthenticationModule - Username : naraharig 
2018-12-28 13:57:01,629 [8] INFO  IPMSFeedService.BasicHttpAuthenticationModule - Username : naraharig 
2018-12-28 13:57:01,632 [7] INFO  IPMSFeedService.BasicHttpAuthenticationModule - Username : admin 
2018-12-28 13:57:01,634 [8] INFO  IPMSFeedService.BasicHttpAuthenticationModule - Username : admin 
2018-12-28 13:57:01,636 [7] INFO  IPMSFeedService.BasicHttpAuthenticationModule - Username : SUPPORT_388945a0 
2018-12-28 13:57:01,638 [8] INFO  IPMSFeedService.BasicHttpAuthenticationModule - Username : SUPPORT_388945a0 
2018-12-28 13:57:01,639 [7] INFO  IPMSFeedService.BasicHttpAuthenticationModule - Username : IWAM_NITSRV01 
2018-12-28 13:57:01,641 [8] INFO  IPMSFeedService.BasicHttpAuthenticationModule - Username : IWAM_NITSRV01 
2018-12-28 13:57:01,643 [7] INFO  IPMSFeedService.BasicHttpAuthenticationModule - Username : suvarchalac 
2018-12-28 13:57:01,645 [8] INFO  IPMSFeedService.BasicHttpAuthenticationModule - Username : suvarchalac 
2018-12-28 13:57:01,647 [7] INFO  IPMSFeedService.BasicHttpAuthenticationModule - Username : prabhakars 
2018-12-28 13:57:01,648 [8] INFO  IPMSFeedService.BasicHttpAuthenticationModule - Username : prabhakars 
2018-12-28 13:57:01,651 [7] INFO  IPMSFeedService.BasicHttpAuthenticationModule - Username : cvrao 
2018-12-28 13:57:01,652 [8] INFO  IPMSFeedService.BasicHttpAuthenticationModule - Username : cvrao 
2018-12-28 13:57:01,654 [7] INFO  IPMSFeedService.BasicHttpAuthenticationModule - Username : umsproject 
2018-12-28 13:57:01,656 [8] INFO  IPMSFeedService.BasicHttpAuthenticationModule - Username : umsproject 
2018-12-28 13:57:01,658 [7] INFO  IPMSFeedService.BasicHttpAuthenticationModule - Username : netuser 
2018-12-28 13:57:01,659 [8] INFO  IPMSFeedService.BasicHttpAuthenticationModule - Username : netuser 
2018-12-28 13:57:01,661 [7] INFO  IPMSFeedService.BasicHttpAuthenticationModule - Username : neclproject 
2018-12-28 13:57:01,664 [8] INFO  IPMSFeedService.BasicHttpAuthenticationModule - Username : neclproject 
2018-12-28 13:57:01,666 [7] INFO  IPMSFeedService.BasicHttpAuthenticationModule - Username : venkatp 
2018-12-28 13:57:01,808 [8] INFO  IPMSFeedService.BasicHttpAuthenticationModule - Username : venkatp 
2018-12-28 13:57:01,809 [7] INFO  IPMSFeedService.BasicHttpAuthenticationModule - Username : sankarg 
2018-12-28 13:57:01,812 [8] INFO  IPMSFeedService.BasicHttpAuthenticationModule - Username : sankarg 
2018-12-28 13:57:01,814 [7] INFO  IPMSFeedService.BasicHttpAuthenticationModule - Username : ntuser 
2018-12-28 13:57:01,816 [8] INFO  IPMSFeedService.BasicHttpAuthenticationModule - Username : ntuser 
2018-12-28 13:57:01,818 [7] INFO  IPMSFeedService.BasicHttpAuthenticationModule - Username : inofficenew 
2018-12-28 13:57:01,820 [8] INFO  IPMSFeedService.BasicHttpAuthenticationModule - Username : inofficenew 
2018-12-28 13:57:01,822 [7] INFO  IPMSFeedService.BasicHttpAuthenticationModule - Username : aimssupport 
2018-12-28 13:57:01,824 [8] INFO  IPMSFeedService.BasicHttpAuthenticationModule - Username : aimssupport 
2018-12-28 13:57:01,826 [7] INFO  IPMSFeedService.BasicHttpAuthenticationModule - Username : venuk 
2018-12-28 13:57:01,828 [8] INFO  IPMSFeedService.BasicHttpAuthenticationModule - Username : venuk 
2018-12-28 13:57:01,829 [7] INFO  IPMSFeedService.BasicHttpAuthenticationModule - Username : vems 
2018-12-28 13:57:01,831 [8] INFO  IPMSFeedService.BasicHttpAuthenticationModule - Username : vems 
2018-12-28 13:57:01,833 [7] INFO  IPMSFeedService.BasicHttpAuthenticationModule - Username : unampro 
2018-12-28 13:57:01,836 [8] INFO  IPMSFeedService.BasicHttpAuthenticationModule - Username : unampro 
2018-12-28 13:57:01,838 [7] INFO  IPMSFeedService.BasicHttpAuthenticationModule - Username : kranthiv 
2018-12-28 13:57:01,918 [7] INFO  IPMSFeedService.BasicHttpAuthenticationModule - Username : mafusion 
2018-12-28 13:57:01,918 [8] INFO  IPMSFeedService.BasicHttpAuthenticationModule - Username : kranthiv 
2018-12-28 13:57:01,924 [7] INFO  IPMSFeedService.BasicHttpAuthenticationModule - Username : rajinikanthm 
2018-12-28 13:57:01,926 [8] INFO  IPMSFeedService.BasicHttpAuthenticationModule - Username : mafusion 
2018-12-28 13:57:01,931 [7] INFO  IPMSFeedService.BasicHttpAuthenticationModule - Username : ramakrishnap 
2018-12-28 13:57:01,933 [8] INFO  IPMSFeedService.BasicHttpAuthenticationModule - Username : rajinikanthm 
2018-12-28 13:57:02,129 [7] INFO  IPMSFeedService.BasicHttpAuthenticationModule - Username : baburaok 
2018-12-28 13:57:02,132 [8] INFO  IPMSFeedService.BasicHttpAuthenticationModule - Username : ramakrishnap 
2018-12-28 13:57:02,135 [7] INFO  IPMSFeedService.BasicHttpAuthenticationModule - Username : sasidhar 
2018-12-28 13:57:02,137 [8] INFO  IPMSFeedService.BasicHttpAuthenticationModule - Username : baburaok 
2018-12-28 13:57:02,140 [7] INFO  IPMSFeedService.BasicHttpAuthenticationModule - Username : nageshc 
2018-12-28 13:57:02,340 [8] INFO  IPMSFeedService.BasicHttpAuthenticationModule - Username : sasidhar 
2018-12-28 13:57:02,341 [7] INFO  IPMSFeedService.BasicHttpAuthenticationModule - Username : imadmin 
2018-12-28 13:57:02,347 [7] INFO  IPMSFeedService.BasicHttpAuthenticationModule - Username : imadmin1 
2018-12-28 13:57:02,347 [8] INFO  IPMSFeedService.BasicHttpAuthenticationModule - Username : nageshc 
2018-12-28 13:57:02,351 [7] INFO  IPMSFeedService.BasicHttpAuthenticationModule - Username : sunithab 
2018-12-28 13:57:02,352 [8] INFO  IPMSFeedService.BasicHttpAuthenticationModule - Username : imadmin 
2018-12-28 13:57:02,357 [7] INFO  IPMSFeedService.BasicHttpAuthenticationModule - Username : bhojireddyp 
2018-12-28 13:57:02,357 [8] INFO  IPMSFeedService.BasicHttpAuthenticationModule - Username : imadmin1 
2018-12-28 13:57:02,361 [7] INFO  IPMSFeedService.BasicHttpAuthenticationModule - Username : nava 
2018-12-28 13:57:02,362 [8] INFO  IPMSFeedService.BasicHttpAuthenticationModule - Username : sunithab 
2018-12-28 13:57:02,366 [7] INFO  IPMSFeedService.BasicHttpAuthenticationModule - Username : rameshg 
2018-12-28 13:57:02,369 [8] INFO  IPMSFeedService.BasicHttpAuthenticationModule - Username : bhojireddyp 
2018-12-28 13:57:02,371 [7] INFO  IPMSFeedService.BasicHttpAuthenticationModule - Username : satishkumarb 
2018-12-28 13:57:02,373 [8] INFO  IPMSFeedService.BasicHttpAuthenticationModule - Username : nava 
2018-12-28 13:57:02,375 [7] INFO  IPMSFeedService.BasicHttpAuthenticationModule - Username : sureshkrishnac 
2018-12-28 13:57:02,377 [8] INFO  IPMSFeedService.BasicHttpAuthenticationModule - Username : rameshg 
2018-12-28 13:57:02,379 [7] INFO  IPMSFeedService.BasicHttpAuthenticationModule - Username : venkatb 
2018-12-28 13:57:02,381 [8] INFO  IPMSFeedService.BasicHttpAuthenticationModule - Username : satishkumarb 
2018-12-28 13:57:02,384 [7] INFO  IPMSFeedService.BasicHttpAuthenticationModule - Username : ramachandraraop 
2018-12-28 13:57:02,573 [8] INFO  IPMSFeedService.BasicHttpAuthenticationModule - Username : sureshkrishnac 
2018-12-28 13:57:02,573 [7] INFO  IPMSFeedService.BasicHttpAuthenticationModule - Username : gangamohanp 
2018-12-28 13:57:02,577 [8] INFO  IPMSFeedService.BasicHttpAuthenticationModule - Username : venkatb 
2018-12-28 13:57:02,577 [7] INFO  IPMSFeedService.BasicHttpAuthenticationModule - Username : chandrag 
2018-12-28 13:57:02,581 [8] INFO  IPMSFeedService.BasicHttpAuthenticationModule - Username : ramachandraraop 
2018-12-28 13:57:02,581 [7] INFO  IPMSFeedService.BasicHttpAuthenticationModule - Username : IWAM_NITADC 
2018-12-28 13:57:02,585 [8] INFO  IPMSFeedService.BasicHttpAuthenticationModule - Username : gangamohanp 
2018-12-28 13:57:02,585 [7] INFO  IPMSFeedService.BasicHttpAuthenticationModule - Username : IUSR_NITADC 
2018-12-28 13:57:02,588 [8] INFO  IPMSFeedService.BasicHttpAuthenticationModule - Username : chandrag 
2018-12-28 13:57:02,590 [7] INFO  IPMSFeedService.BasicHttpAuthenticationModule - Username : prasanthik 
2018-12-28 13:57:02,592 [8] INFO  IPMSFeedService.BasicHttpAuthenticationModule - Username : IWAM_NITADC 
2018-12-28 13:57:02,595 [7] INFO  IPMSFeedService.BasicHttpAuthenticationModule - Username : saikrishnag 
2018-12-28 13:57:02,598 [8] INFO  IPMSFeedService.BasicHttpAuthenticationModule - Username : IUSR_NITADC 
2018-12-28 13:57:02,601 [7] INFO  IPMSFeedService.BasicHttpAuthenticationModule - Username : nitguest 
2018-12-28 13:57:02,610 [8] INFO  IPMSFeedService.BasicHttpAuthenticationModule - Username : prasanthik 
2018-12-28 13:57:02,611 [7] INFO  IPMSFeedService.BasicHttpAuthenticationModule - Username : ramaneswarraoj 
2018-12-28 13:57:02,616 [8] INFO  IPMSFeedService.BasicHttpAuthenticationModule - Username : saikrishnag 
2018-12-28 13:57:02,617 [7] INFO  IPMSFeedService.BasicHttpAuthenticationModule - Username : squidtest 
2018-12-28 13:57:02,625 [8] INFO  IPMSFeedService.BasicHttpAuthenticationModule - Username : nitguest 
2018-12-28 13:57:02,628 [7] INFO  IPMSFeedService.BasicHttpAuthenticationModule - Username : aimstl 
2018-12-28 13:57:02,629 [8] INFO  IPMSFeedService.BasicHttpAuthenticationModule - Username : ramaneswarraoj 
2018-12-28 13:57:02,632 [7] INFO  IPMSFeedService.BasicHttpAuthenticationModule - Username : ammstl 
2018-12-28 13:57:02,635 [8] INFO  IPMSFeedService.BasicHttpAuthenticationModule - Username : squidtest 
2018-12-28 13:57:02,637 [7] INFO  IPMSFeedService.BasicHttpAuthenticationModule - Username : cimstl 
2018-12-28 13:57:02,639 [8] INFO  IPMSFeedService.BasicHttpAuthenticationModule - Username : aimstl 
2018-12-28 13:57:02,642 [7] INFO  IPMSFeedService.BasicHttpAuthenticationModule - Username : kpcltl 
2018-12-28 13:57:02,644 [8] INFO  IPMSFeedService.BasicHttpAuthenticationModule - Username : ammstl 
2018-12-28 13:57:02,646 [7] INFO  IPMSFeedService.BasicHttpAuthenticationModule - Username : necltl 
2018-12-28 13:57:02,647 [8] INFO  IPMSFeedService.BasicHttpAuthenticationModule - Username : cimstl 
2018-12-28 13:57:02,652 [7] INFO  IPMSFeedService.BasicHttpAuthenticationModule - Username : hfms 
2018-12-28 13:57:02,655 [8] INFO  IPMSFeedService.BasicHttpAuthenticationModule - Username : kpcltl 
2018-12-28 13:57:02,791 [7] INFO  IPMSFeedService.BasicHttpAuthenticationModule - Username : krishnaprasada 
2018-12-28 13:57:02,792 [8] INFO  IPMSFeedService.BasicHttpAuthenticationModule - Username : necltl 
2018-12-28 13:57:02,794 [7] INFO  IPMSFeedService.BasicHttpAuthenticationModule - Username : anjanikumarj 
2018-12-28 13:57:02,797 [8] INFO  IPMSFeedService.BasicHttpAuthenticationModule - Username : hfms 
2018-12-28 13:57:02,799 [7] INFO  IPMSFeedService.BasicHttpAuthenticationModule - Username : symantec 
2018-12-28 13:57:02,802 [8] INFO  IPMSFeedService.BasicHttpAuthenticationModule - Username : krishnaprasada 
2018-12-28 13:57:02,803 [7] INFO  IPMSFeedService.BasicHttpAuthenticationModule - Username : shyammohan 
2018-12-28 13:57:02,805 [8] INFO  IPMSFeedService.BasicHttpAuthenticationModule - Username : anjanikumarj 
2018-12-28 13:57:02,807 [7] INFO  IPMSFeedService.BasicHttpAuthenticationModule - Username : printer 
2018-12-28 13:57:02,809 [8] INFO  IPMSFeedService.BasicHttpAuthenticationModule - Username : symantec 
2018-12-28 13:57:02,811 [7] INFO  IPMSFeedService.BasicHttpAuthenticationModule - Username : kirankumars 
2018-12-28 13:57:02,812 [8] INFO  IPMSFeedService.BasicHttpAuthenticationModule - Username : shyammohan 
2018-12-28 13:57:02,814 [7] INFO  IPMSFeedService.BasicHttpAuthenticationModule - Username : ajaykumarn 
2018-12-28 13:57:02,816 [8] INFO  IPMSFeedService.BasicHttpAuthenticationModule - Username : printer 
2018-12-28 13:57:03,010 [7] INFO  IPMSFeedService.BasicHttpAuthenticationModule - Username : narayanaa 
2018-12-28 13:57:03,011 [8] INFO  IPMSFeedService.BasicHttpAuthenticationModule - Username : kirankumars 
2018-12-28 13:57:03,014 [7] INFO  IPMSFeedService.BasicHttpAuthenticationModule - Username : madanmohana 
2018-12-28 13:57:03,015 [8] INFO  IPMSFeedService.BasicHttpAuthenticationModule - Username : ajaykumarn 
2018-12-28 13:57:03,017 [7] INFO  IPMSFeedService.BasicHttpAuthenticationModule - Username : harshavardhann 
2018-12-28 13:57:03,019 [8] INFO  IPMSFeedService.BasicHttpAuthenticationModule - Username : narayanaa 
2018-12-28 13:57:03,021 [7] INFO  IPMSFeedService.BasicHttpAuthenticationModule - Username : innowe 
2018-12-28 13:57:03,023 [8] INFO  IPMSFeedService.BasicHttpAuthenticationModule - Username : madanmohana 
2018-12-28 13:57:03,025 [7] INFO  IPMSFeedService.BasicHttpAuthenticationModule - Username : premsagarp 
2018-12-28 13:57:03,027 [8] INFO  IPMSFeedService.BasicHttpAuthenticationModule - Username : harshavardhann 
2018-12-28 13:57:03,029 [7] INFO  IPMSFeedService.BasicHttpAuthenticationModule - Username : niveditar 
2018-12-28 13:57:03,031 [8] INFO  IPMSFeedService.BasicHttpAuthenticationModule - Username : innowe 
2018-12-28 13:57:03,033 [7] INFO  IPMSFeedService.BasicHttpAuthenticationModule - Username : ramakrishnar 
2018-12-28 13:57:03,035 [8] INFO  IPMSFeedService.BasicHttpAuthenticationModule - Username : premsagarp 
2018-12-28 13:57:03,036 [7] INFO  IPMSFeedService.BasicHttpAuthenticationModule - Username : nituser 
2018-12-28 13:57:03,039 [8] INFO  IPMSFeedService.BasicHttpAuthenticationModule - Username : niveditar 
2018-12-28 13:57:03,041 [7] INFO  IPMSFeedService.BasicHttpAuthenticationModule - Username : amaranadhk 
2018-12-28 13:57:03,042 [8] INFO  IPMSFeedService.BasicHttpAuthenticationModule - Username : ramakrishnar 
2018-12-28 13:57:03,121 [7] INFO  IPMSFeedService.BasicHttpAuthenticationModule - Username : rakeshchowdary 
2018-12-28 13:57:03,123 [8] INFO  IPMSFeedService.BasicHttpAuthenticationModule - Username : nituser 
2018-12-28 13:57:03,131 [7] INFO  IPMSFeedService.BasicHttpAuthenticationModule - Username : sde 
2018-12-28 13:57:03,132 [8] INFO  IPMSFeedService.BasicHttpAuthenticationModule - Username : amaranadhk 
2018-12-28 13:57:03,136 [7] INFO  IPMSFeedService.BasicHttpAuthenticationModule - Username : sambag 
2018-12-28 13:57:03,140 [7] INFO  IPMSFeedService.BasicHttpAuthenticationModule - Username : wpftp 
2018-12-28 13:57:03,142 [8] INFO  IPMSFeedService.BasicHttpAuthenticationModule - Username : rakeshchowdary 
2018-12-28 13:57:03,145 [7] INFO  IPMSFeedService.BasicHttpAuthenticationModule - Username : ravikumara 
2018-12-28 13:57:03,147 [8] INFO  IPMSFeedService.BasicHttpAuthenticationModule - Username : sde 
2018-12-28 13:57:03,150 [7] INFO  IPMSFeedService.BasicHttpAuthenticationModule - Username : Hlduww21trw 
2018-12-28 13:57:03,152 [8] INFO  IPMSFeedService.BasicHttpAuthenticationModule - Username : sambag 
2018-12-28 13:57:03,154 [7] INFO  IPMSFeedService.BasicHttpAuthenticationModule - Username : prasadp 
2018-12-28 13:57:03,156 [8] INFO  IPMSFeedService.BasicHttpAuthenticationModule - Username : wpftp 
2018-12-28 13:57:03,158 [7] INFO  IPMSFeedService.BasicHttpAuthenticationModule - Username : upcladmin 
2018-12-28 13:57:03,160 [8] INFO  IPMSFeedService.BasicHttpAuthenticationModule - Username : ravikumara 
2018-12-28 13:57:03,162 [7] INFO  IPMSFeedService.BasicHttpAuthenticationModule - Username : vamseekrishnak 
2018-12-28 13:57:03,164 [8] INFO  IPMSFeedService.BasicHttpAuthenticationModule - Username : Hlduww21trw 
2018-12-28 13:57:03,166 [7] INFO  IPMSFeedService.BasicHttpAuthenticationModule - Username : srinivasareddya 
2018-12-28 13:57:03,168 [8] INFO  IPMSFeedService.BasicHttpAuthenticationModule - Username : prasadp 
2018-12-28 13:57:03,169 [7] INFO  IPMSFeedService.BasicHttpAuthenticationModule - Username : rahulkumarp 
2018-12-28 13:57:03,171 [8] INFO  IPMSFeedService.BasicHttpAuthenticationModule - Username : upcladmin 
2018-12-28 13:57:03,173 [7] INFO  IPMSFeedService.BasicHttpAuthenticationModule - Username : nituser2 
2018-12-28 13:57:03,175 [8] INFO  IPMSFeedService.BasicHttpAuthenticationModule - Username : vamseekrishnak 
2018-12-28 13:57:03,341 [7] INFO  IPMSFeedService.BasicHttpAuthenticationModule - Username : kiruthikat 
2018-12-28 13:57:03,342 [8] INFO  IPMSFeedService.BasicHttpAuthenticationModule - Username : srinivasareddya 
2018-12-28 13:57:03,348 [7] INFO  IPMSFeedService.BasicHttpAuthenticationModule - Username : vivekgoel 
2018-12-28 13:57:03,348 [8] INFO  IPMSFeedService.BasicHttpAuthenticationModule - Username : rahulkumarp 
2018-12-28 13:57:03,354 [7] INFO  IPMSFeedService.BasicHttpAuthenticationModule - Username : ranadheerreddyg 
2018-12-28 13:57:03,355 [8] INFO  IPMSFeedService.BasicHttpAuthenticationModule - Username : nituser2 
2018-12-28 13:57:03,360 [7] INFO  IPMSFeedService.BasicHttpAuthenticationModule - Username : bugtracker 
2018-12-28 13:57:03,361 [8] INFO  IPMSFeedService.BasicHttpAuthenticationModule - Username : kiruthikat 
2018-12-28 13:57:03,365 [7] INFO  IPMSFeedService.BasicHttpAuthenticationModule - Username : rlegala 
2018-12-28 13:57:03,366 [8] INFO  IPMSFeedService.BasicHttpAuthenticationModule - Username : vivekgoel 
2018-12-28 13:57:03,369 [7] INFO  IPMSFeedService.BasicHttpAuthenticationModule - Username : user 
2018-12-28 13:57:03,370 [8] INFO  IPMSFeedService.BasicHttpAuthenticationModule - Username : ranadheerreddyg 
2018-12-28 13:57:03,373 [7] INFO  IPMSFeedService.BasicHttpAuthenticationModule - Username : nitpayroll 
2018-12-28 13:57:03,375 [8] INFO  IPMSFeedService.BasicHttpAuthenticationModule - Username : bugtracker 
2018-12-28 13:57:03,376 [7] INFO  IPMSFeedService.BasicHttpAuthenticationModule - Username : phpbb 
2018-12-28 13:57:03,379 [8] INFO  IPMSFeedService.BasicHttpAuthenticationModule - Username : rlegala 
2018-12-28 13:57:03,380 [7] INFO  IPMSFeedService.BasicHttpAuthenticationModule - Username : redmine 
2018-12-28 13:57:03,382 [8] INFO  IPMSFeedService.BasicHttpAuthenticationModule - Username : user 
2018-12-28 13:57:03,384 [7] INFO  IPMSFeedService.BasicHttpAuthenticationModule - Username : satishreddys 
2018-12-28 13:57:03,386 [8] INFO  IPMSFeedService.BasicHttpAuthenticationModule - Username : nitpayroll 
2018-12-28 13:57:03,388 [7] INFO  IPMSFeedService.BasicHttpAuthenticationModule - Username : bharathich 
2018-12-28 13:57:03,390 [8] INFO  IPMSFeedService.BasicHttpAuthenticationModule - Username : phpbb 
2018-12-28 13:57:03,391 [7] INFO  IPMSFeedService.BasicHttpAuthenticationModule - Username : balajim 
2018-12-28 13:57:03,394 [8] INFO  IPMSFeedService.BasicHttpAuthenticationModule - Username : redmine 
2018-12-28 13:57:03,396 [7] INFO  IPMSFeedService.BasicHttpAuthenticationModule - Username : everyonegroup 
2018-12-28 13:57:03,398 [8] INFO  IPMSFeedService.BasicHttpAuthenticationModule - Username : satishreddys 
2018-12-28 13:57:03,400 [7] INFO  IPMSFeedService.BasicHttpAuthenticationModule - Username : kpclgroup 
2018-12-28 13:57:03,402 [8] INFO  IPMSFeedService.BasicHttpAuthenticationModule - Username : bharathich 
2018-12-28 13:57:03,403 [7] INFO  IPMSFeedService.BasicHttpAuthenticationModule - Username : careersgroup 
2018-12-28 13:57:03,405 [8] INFO  IPMSFeedService.BasicHttpAuthenticationModule - Username : balajim 
2018-12-28 13:57:03,408 [7] INFO  IPMSFeedService.BasicHttpAuthenticationModule - Username : hrgroup 
2018-12-28 13:57:03,409 [8] INFO  IPMSFeedService.BasicHttpAuthenticationModule - Username : everyonegroup 
2018-12-28 13:57:03,411 [7] INFO  IPMSFeedService.BasicHttpAuthenticationModule - Username : himsgroup 
2018-12-28 13:57:03,413 [8] INFO  IPMSFeedService.BasicHttpAuthenticationModule - Username : kpclgroup 
2018-12-28 13:57:03,414 [7] INFO  IPMSFeedService.BasicHttpAuthenticationModule - Username : supportgroup 
2018-12-28 13:57:03,416 [8] INFO  IPMSFeedService.BasicHttpAuthenticationModule - Username : careersgroup 
2018-12-28 13:57:03,418 [7] INFO  IPMSFeedService.BasicHttpAuthenticationModule - Username : qualitygroup 
2018-12-28 13:57:03,420 [8] INFO  IPMSFeedService.BasicHttpAuthenticationModule - Username : hrgroup 
2018-12-28 13:57:03,424 [7] INFO  IPMSFeedService.BasicHttpAuthenticationModule - Username : spggroup 
2018-12-28 13:57:03,558 [8] INFO  IPMSFeedService.BasicHttpAuthenticationModule - Username : himsgroup 
2018-12-28 13:57:03,560 [7] INFO  IPMSFeedService.BasicHttpAuthenticationModule - Username : financegroup 
2018-12-28 13:57:03,566 [8] INFO  IPMSFeedService.BasicHttpAuthenticationModule - Username : supportgroup 
2018-12-28 13:57:03,567 [7] INFO  IPMSFeedService.BasicHttpAuthenticationModule - Username : training 
2018-12-28 13:57:03,572 [8] INFO  IPMSFeedService.BasicHttpAuthenticationModule - Username : qualitygroup 
2018-12-28 13:57:03,576 [7] INFO  IPMSFeedService.BasicHttpAuthenticationModule - Username : rak 
2018-12-28 13:57:03,578 [8] INFO  IPMSFeedService.BasicHttpAuthenticationModule - Username : spggroup 
2018-12-28 13:57:03,581 [7] INFO  IPMSFeedService.BasicHttpAuthenticationModule - Username : madhavim 
2018-12-28 13:57:03,583 [8] INFO  IPMSFeedService.BasicHttpAuthenticationModule - Username : financegroup 
2018-12-28 13:57:03,585 [7] INFO  IPMSFeedService.BasicHttpAuthenticationModule - Username : rameshkumarg 
2018-12-28 13:57:03,587 [8] INFO  IPMSFeedService.BasicHttpAuthenticationModule - Username : training 
2018-12-28 13:57:03,589 [7] INFO  IPMSFeedService.BasicHttpAuthenticationModule - Username : amarnatht 
2018-12-28 13:57:03,591 [8] INFO  IPMSFeedService.BasicHttpAuthenticationModule - Username : rak 
2018-12-28 13:57:03,593 [7] INFO  IPMSFeedService.BasicHttpAuthenticationModule - Username : rajasekhart 
2018-12-28 13:57:03,596 [8] INFO  IPMSFeedService.BasicHttpAuthenticationModule - Username : madhavim 
2018-12-28 13:57:03,597 [7] INFO  IPMSFeedService.BasicHttpAuthenticationModule - Username : kirankumarm 
2018-12-28 13:57:03,599 [8] INFO  IPMSFeedService.BasicHttpAuthenticationModule - Username : rameshkumarg 
2018-12-28 13:57:03,601 [7] INFO  IPMSFeedService.BasicHttpAuthenticationModule - Username : myimprovementidea 
2018-12-28 13:57:03,604 [8] INFO  IPMSFeedService.BasicHttpAuthenticationModule - Username : amarnatht 
2018-12-28 13:57:03,606 [7] INFO  IPMSFeedService.BasicHttpAuthenticationModule - Username : monikap 
2018-12-28 13:57:03,608 [8] INFO  IPMSFeedService.BasicHttpAuthenticationModule - Username : rajasekhart 
2018-12-28 13:57:03,610 [7] INFO  IPMSFeedService.BasicHttpAuthenticationModule - Username : pre-sales 
2018-12-28 13:57:03,612 [8] INFO  IPMSFeedService.BasicHttpAuthenticationModule - Username : kirankumarm 
2018-12-28 13:57:03,617 [7] INFO  IPMSFeedService.BasicHttpAuthenticationModule - Username : mobiledev 
2018-12-28 13:57:03,619 [8] INFO  IPMSFeedService.BasicHttpAuthenticationModule - Username : myimprovementidea 
2018-12-28 13:57:03,636 [7] INFO  IPMSFeedService.BasicHttpAuthenticationModule - Username : avinashc 
2018-12-28 13:57:03,640 [8] INFO  IPMSFeedService.BasicHttpAuthenticationModule - Username : monikap 
2018-12-28 13:57:03,642 [7] INFO  IPMSFeedService.BasicHttpAuthenticationModule - Username : ravibabuu 
2018-12-28 13:57:03,644 [8] INFO  IPMSFeedService.BasicHttpAuthenticationModule - Username : pre-sales 
2018-12-28 13:57:03,647 [7] INFO  IPMSFeedService.BasicHttpAuthenticationModule - Username : gautam 
2018-12-28 13:57:03,648 [8] INFO  IPMSFeedService.BasicHttpAuthenticationModule - Username : mobiledev 
2018-12-28 13:57:03,650 [7] INFO  IPMSFeedService.BasicHttpAuthenticationModule - Username : raghavendrav 
2018-12-28 13:57:03,652 [8] INFO  IPMSFeedService.BasicHttpAuthenticationModule - Username : avinashc 
2018-12-28 13:57:03,654 [7] INFO  IPMSFeedService.BasicHttpAuthenticationModule - Username : manoharlalj 
2018-12-28 13:57:03,656 [8] INFO  IPMSFeedService.BasicHttpAuthenticationModule - Username : ravibabuu 
2018-12-28 13:57:03,658 [7] INFO  IPMSFeedService.BasicHttpAuthenticationModule - Username : pavantejach 
2018-12-28 13:57:03,660 [8] INFO  IPMSFeedService.BasicHttpAuthenticationModule - Username : gautam 
2018-12-28 13:57:03,662 [7] INFO  IPMSFeedService.BasicHttpAuthenticationModule - Username : ifs 
2018-12-28 13:57:03,663 [8] INFO  IPMSFeedService.BasicHttpAuthenticationModule - Username : raghavendrav 
2018-12-28 13:57:03,859 [7] INFO  IPMSFeedService.BasicHttpAuthenticationModule - Username : dgtrans 
2018-12-28 13:57:03,860 [8] INFO  IPMSFeedService.BasicHttpAuthenticationModule - Username : manoharlalj 
2018-12-28 13:57:03,864 [7] INFO  IPMSFeedService.BasicHttpAuthenticationModule - Username : sreekanthy 
2018-12-28 13:57:03,866 [8] INFO  IPMSFeedService.BasicHttpAuthenticationModule - Username : pavantejach 
2018-12-28 13:57:03,869 [7] INFO  IPMSFeedService.BasicHttpAuthenticationModule - Username : yogeshn 
2018-12-28 13:57:03,871 [8] INFO  IPMSFeedService.BasicHttpAuthenticationModule - Username : ifs 
2018-12-28 13:57:03,873 [7] INFO  IPMSFeedService.BasicHttpAuthenticationModule - Username : kirank 
2018-12-28 13:57:03,877 [8] INFO  IPMSFeedService.BasicHttpAuthenticationModule - Username : dgtrans 
2018-12-28 13:57:03,880 [7] INFO  IPMSFeedService.BasicHttpAuthenticationModule - Username : chandrasekhart 
2018-12-28 13:57:03,883 [8] INFO  IPMSFeedService.BasicHttpAuthenticationModule - Username : sreekanthy 
2018-12-28 13:57:03,885 [7] INFO  IPMSFeedService.BasicHttpAuthenticationModule - Username : chandrasekharg 
2018-12-28 13:57:03,887 [8] INFO  IPMSFeedService.BasicHttpAuthenticationModule - Username : yogeshn 
2018-12-28 13:57:03,890 [7] INFO  IPMSFeedService.BasicHttpAuthenticationModule - Username : amalag 
2018-12-28 13:57:03,893 [8] INFO  IPMSFeedService.BasicHttpAuthenticationModule - Username : kirank 
2018-12-28 13:57:03,896 [7] INFO  IPMSFeedService.BasicHttpAuthenticationModule - Username : tfsadmin 
2018-12-28 13:57:03,899 [8] INFO  IPMSFeedService.BasicHttpAuthenticationModule - Username : chandrasekhart 
2018-12-28 13:57:03,901 [7] INFO  IPMSFeedService.BasicHttpAuthenticationModule - Username : masthansh 
2018-12-28 13:57:04,099 [8] INFO  IPMSFeedService.BasicHttpAuthenticationModule - Username : chandrasekharg 
2018-12-28 13:57:04,100 [7] INFO  IPMSFeedService.BasicHttpAuthenticationModule - Username : srinivasulum 
2018-12-28 13:57:04,104 [8] INFO  IPMSFeedService.BasicHttpAuthenticationModule - Username : amalag 
2018-12-28 13:57:04,105 [7] INFO  IPMSFeedService.BasicHttpAuthenticationModule - Username : leelapriyankav 
2018-12-28 13:57:04,110 [7] INFO  IPMSFeedService.BasicHttpAuthenticationModule - Username : papiyak 
2018-12-28 13:57:04,111 [8] INFO  IPMSFeedService.BasicHttpAuthenticationModule - Username : tfsadmin 
2018-12-28 13:57:04,115 [7] INFO  IPMSFeedService.BasicHttpAuthenticationModule - Username : kamachariv 
2018-12-28 13:57:04,116 [8] INFO  IPMSFeedService.BasicHttpAuthenticationModule - Username : masthansh 
2018-12-28 13:57:04,119 [7] INFO  IPMSFeedService.BasicHttpAuthenticationModule - Username : mahamadk 
2018-12-28 13:57:04,121 [8] INFO  IPMSFeedService.BasicHttpAuthenticationModule - Username : srinivasulum 
2018-12-28 13:57:04,123 [7] INFO  IPMSFeedService.BasicHttpAuthenticationModule - Username : sumanp 
2018-12-28 13:57:04,127 [8] INFO  IPMSFeedService.BasicHttpAuthenticationModule - Username : leelapriyankav 
2018-12-28 13:57:04,129 [7] INFO  IPMSFeedService.BasicHttpAuthenticationModule - Username : ipmsdba 
2018-12-28 13:57:04,131 [8] INFO  IPMSFeedService.BasicHttpAuthenticationModule - Username : papiyak 
2018-12-28 13:57:04,134 [7] INFO  IPMSFeedService.BasicHttpAuthenticationModule - Username : vikramkumarm 
2018-12-28 13:57:04,136 [8] INFO  IPMSFeedService.BasicHttpAuthenticationModule - Username : kamachariv 
2018-12-28 13:57:04,138 [7] INFO  IPMSFeedService.BasicHttpAuthenticationModule - Username : avinashy 
2018-12-28 13:57:04,140 [8] INFO  IPMSFeedService.BasicHttpAuthenticationModule - Username : mahamadk 
2018-12-28 13:57:04,215 [7] INFO  IPMSFeedService.BasicHttpAuthenticationModule - Username : technoconnect 
2018-12-28 13:57:04,216 [8] INFO  IPMSFeedService.BasicHttpAuthenticationModule - Username : sumanp 
2018-12-28 13:57:04,224 [8] INFO  IPMSFeedService.BasicHttpAuthenticationModule - Username : ipmsdba 
2018-12-28 13:57:04,226 [7] INFO  IPMSFeedService.BasicHttpAuthenticationModule - Username : asrmurthy 
2018-12-28 13:57:04,234 [7] INFO  IPMSFeedService.BasicHttpAuthenticationModule - Username : guruprasadp 
2018-12-28 13:57:04,236 [8] INFO  IPMSFeedService.BasicHttpAuthenticationModule - Username : vikramkumarm 
2018-12-28 13:57:04,241 [7] INFO  IPMSFeedService.BasicHttpAuthenticationModule - Username : ramyak 
2018-12-28 13:57:04,242 [8] INFO  IPMSFeedService.BasicHttpAuthenticationModule - Username : avinashy 
2018-12-28 13:57:04,246 [7] INFO  IPMSFeedService.BasicHttpAuthenticationModule - Username : tneb 
2018-12-28 13:57:04,246 [8] INFO  IPMSFeedService.BasicHttpAuthenticationModule - Username : technoconnect 
2018-12-28 13:57:04,250 [7] INFO  IPMSFeedService.BasicHttpAuthenticationModule - Username : hrtest 
2018-12-28 13:57:04,251 [8] INFO  IPMSFeedService.BasicHttpAuthenticationModule - Username : asrmurthy 
2018-12-28 13:57:04,254 [7] INFO  IPMSFeedService.BasicHttpAuthenticationModule - Username : xenapp 
2018-12-28 13:57:04,255 [8] INFO  IPMSFeedService.BasicHttpAuthenticationModule - Username : guruprasadp 
2018-12-28 13:57:04,258 [7] INFO  IPMSFeedService.BasicHttpAuthenticationModule - Username : jejeswararaob 
2018-12-28 13:57:04,260 [8] INFO  IPMSFeedService.BasicHttpAuthenticationModule - Username : ramyak 
2018-12-28 13:57:04,262 [7] INFO  IPMSFeedService.BasicHttpAuthenticationModule - Username : sriramprasadg 
2018-12-28 13:57:04,264 [8] INFO  IPMSFeedService.BasicHttpAuthenticationModule - Username : tneb 
2018-12-28 13:57:04,266 [7] INFO  IPMSFeedService.BasicHttpAuthenticationModule - Username : curiousbug 
2018-12-28 13:57:04,268 [8] INFO  IPMSFeedService.BasicHttpAuthenticationModule - Username : hrtest 
2018-12-28 13:57:04,271 [7] INFO  IPMSFeedService.BasicHttpAuthenticationModule - Username : sudheerk 
2018-12-28 13:57:04,271 [8] INFO  IPMSFeedService.BasicHttpAuthenticationModule - Username : xenapp 
2018-12-28 13:57:04,274 [7] INFO  IPMSFeedService.BasicHttpAuthenticationModule - Username : ashwinip 
2018-12-28 13:57:04,276 [8] INFO  IPMSFeedService.BasicHttpAuthenticationModule - Username : jejeswararaob 
2018-12-28 13:57:04,278 [7] INFO  IPMSFeedService.BasicHttpAuthenticationModule - Username : venkateswarareddyd 
2018-12-28 13:57:04,279 [8] INFO  IPMSFeedService.BasicHttpAuthenticationModule - Username : sriramprasadg 
2018-12-28 13:57:04,281 [7] INFO  IPMSFeedService.BasicHttpAuthenticationModule - Username : manojkumarj 
2018-12-28 13:57:04,283 [8] INFO  IPMSFeedService.BasicHttpAuthenticationModule - Username : curiousbug 
2018-12-28 13:57:04,434 [7] INFO  IPMSFeedService.BasicHttpAuthenticationModule - Username : nareshm 
2018-12-28 13:57:04,435 [8] INFO  IPMSFeedService.BasicHttpAuthenticationModule - Username : sudheerk 
2018-12-28 13:57:04,440 [7] INFO  IPMSFeedService.BasicHttpAuthenticationModule - Username : sumanthsaikiranp 
2018-12-28 13:57:04,443 [8] INFO  IPMSFeedService.BasicHttpAuthenticationModule - Username : ashwinip 
2018-12-28 13:57:04,445 [7] INFO  IPMSFeedService.BasicHttpAuthenticationModule - Username : dbaipms 
2018-12-28 13:57:04,449 [8] INFO  IPMSFeedService.BasicHttpAuthenticationModule - Username : venkateswarareddyd 
2018-12-28 13:57:04,452 [7] INFO  IPMSFeedService.BasicHttpAuthenticationModule - Username : avts 
2018-12-28 13:57:04,454 [8] INFO  IPMSFeedService.BasicHttpAuthenticationModule - Username : manojkumarj 
2018-12-28 13:57:04,457 [7] INFO  IPMSFeedService.BasicHttpAuthenticationModule - Username : dotnet 
2018-12-28 13:57:04,460 [8] INFO  IPMSFeedService.BasicHttpAuthenticationModule - Username : nareshm 
2018-12-28 13:57:04,462 [7] INFO  IPMSFeedService.BasicHttpAuthenticationModule - Username : explanner 
2018-12-28 13:57:04,465 [8] INFO  IPMSFeedService.BasicHttpAuthenticationModule - Username : sumanthsaikiranp 
2018-12-28 13:57:04,467 [7] INFO  IPMSFeedService.BasicHttpAuthenticationModule - Username : chiranjeevid 
2018-12-28 13:57:04,469 [8] INFO  IPMSFeedService.BasicHttpAuthenticationModule - Username : dbaipms 
2018-12-28 13:57:04,472 [7] INFO  IPMSFeedService.BasicHttpAuthenticationModule - Username : indranir 
2018-12-28 13:57:04,474 [8] INFO  IPMSFeedService.BasicHttpAuthenticationModule - Username : avts 
2018-12-28 13:57:04,655 [7] INFO  IPMSFeedService.BasicHttpAuthenticationModule - Username : srinivasp 
2018-12-28 13:57:04,655 [8] INFO  IPMSFeedService.BasicHttpAuthenticationModule - Username : dotnet 
2018-12-28 13:57:04,660 [7] INFO  IPMSFeedService.BasicHttpAuthenticationModule - Username : Sowmyaa 
2018-12-28 13:57:04,661 [8] INFO  IPMSFeedService.BasicHttpAuthenticationModule - Username : explanner 
2018-12-28 13:57:04,665 [7] INFO  IPMSFeedService.BasicHttpAuthenticationModule - Username : babitab 
2018-12-28 13:57:04,666 [8] INFO  IPMSFeedService.BasicHttpAuthenticationModule - Username : chiranjeevid 
2018-12-28 13:57:04,670 [7] INFO  IPMSFeedService.BasicHttpAuthenticationModule - Username : rahulm 
2018-12-28 13:57:04,672 [8] INFO  IPMSFeedService.BasicHttpAuthenticationModule - Username : indranir 
2018-12-28 13:57:04,675 [7] INFO  IPMSFeedService.BasicHttpAuthenticationModule - Username : ravindrakumara 
2018-12-28 13:57:04,677 [8] INFO  IPMSFeedService.BasicHttpAuthenticationModule - Username : srinivasp 
2018-12-28 13:57:04,679 [7] INFO  IPMSFeedService.BasicHttpAuthenticationModule - Username : saching 
2018-12-28 13:57:04,682 [8] INFO  IPMSFeedService.BasicHttpAuthenticationModule - Username : Sowmyaa 
2018-12-28 13:57:04,684 [7] INFO  IPMSFeedService.BasicHttpAuthenticationModule - Username : anujjain 
2018-12-28 13:57:04,688 [8] INFO  IPMSFeedService.BasicHttpAuthenticationModule - Username : babitab 
2018-12-28 13:57:04,690 [7] INFO  IPMSFeedService.BasicHttpAuthenticationModule - Username : viditjain 
2018-12-28 13:57:04,694 [8] INFO  IPMSFeedService.BasicHttpAuthenticationModule - Username : rahulm 
2018-12-28 13:57:04,696 [7] INFO  IPMSFeedService.BasicHttpAuthenticationModule - Username : tavinderpaul 
2018-12-28 13:57:04,700 [8] INFO  IPMSFeedService.BasicHttpAuthenticationModule - Username : ravindrakumara 
2018-12-28 13:57:04,704 [7] INFO  IPMSFeedService.BasicHttpAuthenticationModule - Username : priyadarshini 
2018-12-28 13:57:04,706 [8] INFO  IPMSFeedService.BasicHttpAuthenticationModule - Username : saching 
2018-12-28 13:57:04,710 [7] INFO  IPMSFeedService.BasicHttpAuthenticationModule - Username : bikashch 
2018-12-28 13:57:04,712 [8] INFO  IPMSFeedService.BasicHttpAuthenticationModule - Username : anujjain 
2018-12-28 13:57:04,872 [7] INFO  IPMSFeedService.BasicHttpAuthenticationModule - Username : santosht 
2018-12-28 13:57:04,873 [8] INFO  IPMSFeedService.BasicHttpAuthenticationModule - Username : viditjain 
2018-12-28 13:57:04,879 [8] INFO  IPMSFeedService.BasicHttpAuthenticationModule - Username : tavinderpaul 
2018-12-28 13:57:04,880 [7] INFO  IPMSFeedService.BasicHttpAuthenticationModule - Username : lokeshbabus 
2018-12-28 13:57:04,886 [8] INFO  IPMSFeedService.BasicHttpAuthenticationModule - Username : priyadarshini 
2018-12-28 13:57:04,886 [7] INFO  IPMSFeedService.BasicHttpAuthenticationModule - Username : anandkumarm 
2018-12-28 13:57:04,892 [8] INFO  IPMSFeedService.BasicHttpAuthenticationModule - Username : bikashch 
2018-12-28 13:57:04,893 [7] INFO  IPMSFeedService.BasicHttpAuthenticationModule - Username : anilkumarm 
2018-12-28 13:57:04,898 [8] INFO  IPMSFeedService.BasicHttpAuthenticationModule - Username : santosht 
2018-12-28 13:57:04,900 [7] INFO  IPMSFeedService.BasicHttpAuthenticationModule - Username : arunkumars 
2018-12-28 13:57:04,904 [8] INFO  IPMSFeedService.BasicHttpAuthenticationModule - Username : lokeshbabus 
2018-12-28 13:57:04,904 [7] INFO  IPMSFeedService.BasicHttpAuthenticationModule - Username : balachander 
2018-12-28 13:57:04,908 [8] INFO  IPMSFeedService.BasicHttpAuthenticationModule - Username : anandkumarm 
2018-12-28 13:57:04,909 [7] INFO  IPMSFeedService.BasicHttpAuthenticationModule - Username : elanchezhianm 
2018-12-28 13:57:04,913 [8] INFO  IPMSFeedService.BasicHttpAuthenticationModule - Username : anilkumarm 
2018-12-28 13:57:04,914 [7] INFO  IPMSFeedService.BasicHttpAuthenticationModule - Username : gomathis 
2018-12-28 13:57:04,917 [8] INFO  IPMSFeedService.BasicHttpAuthenticationModule - Username : arunkumars 
2018-12-28 13:57:04,918 [7] INFO  IPMSFeedService.BasicHttpAuthenticationModule - Username : karthikeyank 
2018-12-28 13:57:04,921 [8] INFO  IPMSFeedService.BasicHttpAuthenticationModule - Username : balachander 
2018-12-28 13:57:04,922 [7] INFO  IPMSFeedService.BasicHttpAuthenticationModule - Username : kolanchinathanch 
2018-12-28 13:57:04,926 [8] INFO  IPMSFeedService.BasicHttpAuthenticationModule - Username : elanchezhianm 
2018-12-28 13:57:04,927 [7] INFO  IPMSFeedService.BasicHttpAuthenticationModule - Username : kumaranr 
2018-12-28 13:57:04,930 [8] INFO  IPMSFeedService.BasicHttpAuthenticationModule - Username : gomathis 
2018-12-28 13:57:04,931 [7] INFO  IPMSFeedService.BasicHttpAuthenticationModule - Username : lavanyav 
2018-12-28 13:57:04,934 [8] INFO  IPMSFeedService.BasicHttpAuthenticationModule - Username : karthikeyank 
2018-12-28 13:57:04,935 [7] INFO  IPMSFeedService.BasicHttpAuthenticationModule - Username : punithahariharanv 
2018-12-28 13:57:04,938 [8] INFO  IPMSFeedService.BasicHttpAuthenticationModule - Username : kolanchinathanch 
2018-12-28 13:57:04,940 [7] INFO  IPMSFeedService.BasicHttpAuthenticationModule - Username : sarathchandran 
2018-12-28 13:57:04,942 [8] INFO  IPMSFeedService.BasicHttpAuthenticationModule - Username : kumaranr 
2018-12-28 13:57:04,943 [7] INFO  IPMSFeedService.BasicHttpAuthenticationModule - Username : tamilselvip 
2018-12-28 13:57:04,945 [8] INFO  IPMSFeedService.BasicHttpAuthenticationModule - Username : lavanyav 
2018-12-28 13:57:04,947 [7] INFO  IPMSFeedService.BasicHttpAuthenticationModule - Username : umashankar 
2018-12-28 13:57:04,949 [8] INFO  IPMSFeedService.BasicHttpAuthenticationModule - Username : punithahariharanv 
2018-12-28 13:57:04,951 [7] INFO  IPMSFeedService.BasicHttpAuthenticationModule - Username : vaithyanathans 
2018-12-28 13:57:04,953 [8] INFO  IPMSFeedService.BasicHttpAuthenticationModule - Username : sarathchandran 
2018-12-28 13:57:04,955 [7] INFO  IPMSFeedService.BasicHttpAuthenticationModule - Username : vengadeshch 
2018-12-28 13:57:04,957 [8] INFO  IPMSFeedService.BasicHttpAuthenticationModule - Username : tamilselvip 
2018-12-28 13:57:04,959 [7] INFO  IPMSFeedService.BasicHttpAuthenticationModule - Username : vigneshr 
2018-12-28 13:57:04,961 [8] INFO  IPMSFeedService.BasicHttpAuthenticationModule - Username : umashankar 
2018-12-28 13:57:04,964 [7] INFO  IPMSFeedService.BasicHttpAuthenticationModule - Username : yuvaraju 
2018-12-28 13:57:04,966 [8] INFO  IPMSFeedService.BasicHttpAuthenticationModule - Username : vaithyanathans 
2018-12-28 13:57:04,968 [7] INFO  IPMSFeedService.BasicHttpAuthenticationModule - Username : chinnaduraig 
2018-12-28 13:57:04,970 [8] INFO  IPMSFeedService.BasicHttpAuthenticationModule - Username : vengadeshch 
2018-12-28 13:57:04,973 [7] INFO  IPMSFeedService.BasicHttpAuthenticationModule - Username : nitheshn 
2018-12-28 13:57:04,974 [8] INFO  IPMSFeedService.BasicHttpAuthenticationModule - Username : vigneshr 
2018-12-28 13:57:04,976 [7] INFO  IPMSFeedService.BasicHttpAuthenticationModule - Username : dharanipriyak 
2018-12-28 13:57:04,980 [8] INFO  IPMSFeedService.BasicHttpAuthenticationModule - Username : yuvaraju 
2018-12-28 13:57:04,981 [7] INFO  IPMSFeedService.BasicHttpAuthenticationModule - Username : nabak 
2018-12-28 13:57:04,983 [8] INFO  IPMSFeedService.BasicHttpAuthenticationModule - Username : chinnaduraig 
2018-12-28 13:57:04,985 [7] INFO  IPMSFeedService.BasicHttpAuthenticationModule - Username : chetanp 
2018-12-28 13:57:04,988 [8] INFO  IPMSFeedService.BasicHttpAuthenticationModule - Username : nitheshn 
2018-12-28 13:57:05,189 [7] INFO  IPMSFeedService.BasicHttpAuthenticationModule - Username : swapanak 
2018-12-28 13:57:05,190 [8] INFO  IPMSFeedService.BasicHttpAuthenticationModule - Username : dharanipriyak 
2018-12-28 13:57:05,193 [7] INFO  IPMSFeedService.BasicHttpAuthenticationModule - Username : yuvarajk 
2018-12-28 13:57:05,194 [8] INFO  IPMSFeedService.BasicHttpAuthenticationModule - Username : nabak 
2018-12-28 13:57:05,197 [7] INFO  IPMSFeedService.BasicHttpAuthenticationModule - Username : amudhavelus 
2018-12-28 13:57:05,199 [8] INFO  IPMSFeedService.BasicHttpAuthenticationModule - Username : chetanp 
2018-12-28 13:57:05,201 [7] INFO  IPMSFeedService.BasicHttpAuthenticationModule - Username : ashoks 
2018-12-28 13:57:05,203 [8] INFO  IPMSFeedService.BasicHttpAuthenticationModule - Username : swapanak 
2018-12-28 13:57:05,204 [7] INFO  IPMSFeedService.BasicHttpAuthenticationModule - Username : divyasrid 
2018-12-28 13:57:05,206 [8] INFO  IPMSFeedService.BasicHttpAuthenticationModule - Username : yuvarajk 
2018-12-28 13:57:05,208 [7] INFO  IPMSFeedService.BasicHttpAuthenticationModule - Username : kalirajm 
2018-12-28 13:57:05,210 [8] INFO  IPMSFeedService.BasicHttpAuthenticationModule - Username : amudhavelus 
2018-12-28 13:57:05,212 [7] INFO  IPMSFeedService.BasicHttpAuthenticationModule - Username : saranyas 
2018-12-28 13:57:05,214 [8] INFO  IPMSFeedService.BasicHttpAuthenticationModule - Username : ashoks 
2018-12-28 13:57:05,216 [7] INFO  IPMSFeedService.BasicHttpAuthenticationModule - Username : baskarn 
2018-12-28 13:57:05,218 [8] INFO  IPMSFeedService.BasicHttpAuthenticationModule - Username : divyasrid 
2018-12-28 13:57:05,220 [7] INFO  IPMSFeedService.BasicHttpAuthenticationModule - Username : hemapriyach 
2018-12-28 13:57:05,221 [8] INFO  IPMSFeedService.BasicHttpAuthenticationModule - Username : kalirajm 
2018-12-28 13:57:05,224 [7] INFO  IPMSFeedService.BasicHttpAuthenticationModule - Username : sivasubramanians 
2018-12-28 13:57:05,416 [8] INFO  IPMSFeedService.BasicHttpAuthenticationModule - Username : saranyas 
2018-12-28 13:57:05,417 [7] INFO  IPMSFeedService.BasicHttpAuthenticationModule - Username : satyavenkateshk 
2018-12-28 13:57:05,420 [8] INFO  IPMSFeedService.BasicHttpAuthenticationModule - Username : baskarn 
2018-12-28 13:57:05,424 [7] INFO  IPMSFeedService.BasicHttpAuthenticationModule - Username : jeswanthkumars 
2018-12-28 13:57:05,425 [8] INFO  IPMSFeedService.BasicHttpAuthenticationModule - Username : hemapriyach 
2018-12-28 13:57:05,428 [7] INFO  IPMSFeedService.BasicHttpAuthenticationModule - Username : padmajaa 
2018-12-28 13:57:05,430 [8] INFO  IPMSFeedService.BasicHttpAuthenticationModule - Username : sivasubramanians 
2018-12-28 13:57:05,432 [7] INFO  IPMSFeedService.BasicHttpAuthenticationModule - Username : srikanthm 
2018-12-28 13:57:05,435 [8] INFO  IPMSFeedService.BasicHttpAuthenticationModule - Username : satyavenkateshk 
2018-12-28 13:57:05,437 [7] INFO  IPMSFeedService.BasicHttpAuthenticationModule - Username : chandrat 
2018-12-28 13:57:05,439 [8] INFO  IPMSFeedService.BasicHttpAuthenticationModule - Username : jeswanthkumars 
2018-12-28 13:57:05,443 [7] INFO  IPMSFeedService.BasicHttpAuthenticationModule - Username : bhargavia 
2018-12-28 13:57:05,444 [8] INFO  IPMSFeedService.BasicHttpAuthenticationModule - Username : padmajaa 
2018-12-28 13:57:05,446 [7] INFO  IPMSFeedService.BasicHttpAuthenticationModule - Username : pallavia 
2018-12-28 13:57:05,449 [8] INFO  IPMSFeedService.BasicHttpAuthenticationModule - Username : srikanthm 
2018-12-28 13:57:05,452 [7] INFO  IPMSFeedService.BasicHttpAuthenticationModule - Username : ashokkumarg 
2018-12-28 13:57:05,453 [8] INFO  IPMSFeedService.BasicHttpAuthenticationModule - Username : chandrat 
2018-12-28 13:57:05,455 [7] INFO  IPMSFeedService.BasicHttpAuthenticationModule - Username : himabindhuk 
2018-12-28 13:57:05,458 [8] INFO  IPMSFeedService.BasicHttpAuthenticationModule - Username : bhargavia 
2018-12-28 13:57:05,460 [7] INFO  IPMSFeedService.BasicHttpAuthenticationModule - Username : kiranh 
2018-12-28 13:57:05,637 [8] INFO  IPMSFeedService.BasicHttpAuthenticationModule - Username : pallavia 
2018-12-28 13:57:05,637 [7] INFO  IPMSFeedService.BasicHttpAuthenticationModule - Username : sureshs 
2018-12-28 13:57:05,640 [8] INFO  IPMSFeedService.BasicHttpAuthenticationModule - Username : ashokkumarg 
2018-12-28 13:57:05,641 [7] INFO  IPMSFeedService.BasicHttpAuthenticationModule - Username : joshnaj 
2018-12-28 13:57:05,644 [8] INFO  IPMSFeedService.BasicHttpAuthenticationModule - Username : himabindhuk 
2018-12-28 13:57:05,645 [7] INFO  IPMSFeedService.BasicHttpAuthenticationModule - Username : adithyad 
2018-12-28 13:57:05,647 [8] INFO  IPMSFeedService.BasicHttpAuthenticationModule - Username : kiranh 
2018-12-28 13:57:05,649 [7] INFO  IPMSFeedService.BasicHttpAuthenticationModule - Username : nikhithab 
2018-12-28 13:57:05,850 [8] INFO  IPMSFeedService.BasicHttpAuthenticationModule - Username : sureshs 
2018-12-28 13:57:05,851 [7] INFO  IPMSFeedService.BasicHttpAuthenticationModule - Username : rasheeds 
2018-12-28 13:57:06,051 [8] INFO  IPMSFeedService.BasicHttpAuthenticationModule - Username : joshnaj 
2018-12-28 13:57:06,052 [7] INFO  IPMSFeedService.BasicHttpAuthenticationModule - Username : sivakrishnam 
2018-12-28 13:57:06,057 [7] INFO  IPMSFeedService.BasicHttpAuthenticationModule - Username : raveeshreddyl 
2018-12-28 13:57:06,057 [8] INFO  IPMSFeedService.BasicHttpAuthenticationModule - Username : adithyad 
2018-12-28 13:57:06,063 [7] INFO  IPMSFeedService.BasicHttpAuthenticationModule - Username : krishnathejab 
2018-12-28 13:57:06,066 [8] INFO  IPMSFeedService.BasicHttpAuthenticationModule - Username : nikhithab 
2018-12-28 13:57:06,068 [7] INFO  IPMSFeedService.BasicHttpAuthenticationModule - Username : tagore 
2018-12-28 13:57:06,071 [8] INFO  IPMSFeedService.BasicHttpAuthenticationModule - Username : rasheeds 
2018-12-28 13:57:06,072 [7] INFO  IPMSFeedService.BasicHttpAuthenticationModule - Username : rajiniy 
2018-12-28 13:57:06,074 [8] INFO  IPMSFeedService.BasicHttpAuthenticationModule - Username : sivakrishnam 
2018-12-28 13:57:06,076 [7] INFO  IPMSFeedService.BasicHttpAuthenticationModule - Username : santhoshkumary 
2018-12-28 13:57:06,078 [8] INFO  IPMSFeedService.BasicHttpAuthenticationModule - Username : raveeshreddyl 
2018-12-28 13:57:06,080 [7] INFO  IPMSFeedService.BasicHttpAuthenticationModule - Username : sreelathar 
2018-12-28 13:57:06,082 [8] INFO  IPMSFeedService.BasicHttpAuthenticationModule - Username : krishnathejab 
2018-12-28 13:57:06,084 [7] INFO  IPMSFeedService.BasicHttpAuthenticationModule - Username : vivekm 
2018-12-28 13:57:06,086 [8] INFO  IPMSFeedService.BasicHttpAuthenticationModule - Username : tagore 
2018-12-28 13:57:06,087 [7] INFO  IPMSFeedService.BasicHttpAuthenticationModule - Username : venkataramanat 
2018-12-28 13:57:06,089 [8] INFO  IPMSFeedService.BasicHttpAuthenticationModule - Username : rajiniy 
2018-12-28 13:57:06,091 [7] INFO  IPMSFeedService.BasicHttpAuthenticationModule - Username : manoharp 
2018-12-28 13:57:06,093 [8] INFO  IPMSFeedService.BasicHttpAuthenticationModule - Username : santhoshkumary 
2018-12-28 13:57:06,096 [7] INFO  IPMSFeedService.BasicHttpAuthenticationModule - Username : bharatkumara 
2018-12-28 13:57:06,098 [8] INFO  IPMSFeedService.BasicHttpAuthenticationModule - Username : sreelathar 
2018-12-28 13:57:06,099 [7] INFO  IPMSFeedService.BasicHttpAuthenticationModule - Username : sampathkumars 
2018-12-28 13:57:06,102 [8] INFO  IPMSFeedService.BasicHttpAuthenticationModule - Username : vivekm 
2018-12-28 13:57:06,103 [7] INFO  IPMSFeedService.BasicHttpAuthenticationModule - Username : nikkid 
2018-12-28 13:57:06,105 [8] INFO  IPMSFeedService.BasicHttpAuthenticationModule - Username : venkataramanat 
2018-12-28 13:57:06,107 [7] INFO  IPMSFeedService.BasicHttpAuthenticationModule - Username : divyasreeeda 
2018-12-28 13:57:06,110 [8] INFO  IPMSFeedService.BasicHttpAuthenticationModule - Username : manoharp 
2018-12-28 13:57:06,111 [7] INFO  IPMSFeedService.BasicHttpAuthenticationModule - Username : katlego.mamabolo 
2018-12-28 13:57:06,113 [8] INFO  IPMSFeedService.BasicHttpAuthenticationModule - Username : bharatkumara 
2018-12-28 13:57:06,115 [7] INFO  IPMSFeedService.BasicHttpAuthenticationModule - Username : valenchia.rawlins 
2018-12-28 13:57:06,117 [8] INFO  IPMSFeedService.BasicHttpAuthenticationModule - Username : sampathkumars 
2018-12-28 13:57:06,119 [7] INFO  IPMSFeedService.BasicHttpAuthenticationModule - Username : nagalakshmip 
2018-12-28 13:57:06,121 [8] INFO  IPMSFeedService.BasicHttpAuthenticationModule - Username : nikkid 
2018-12-28 13:57:06,123 [7] INFO  IPMSFeedService.BasicHttpAuthenticationModule - Username : rakeshk 
2018-12-28 13:57:06,125 [8] INFO  IPMSFeedService.BasicHttpAuthenticationModule - Username : divyasreeeda 
2018-12-28 13:57:06,127 [7] INFO  IPMSFeedService.BasicHttpAuthenticationModule - Username : rohitkumar 
2018-12-28 13:57:06,129 [8] INFO  IPMSFeedService.BasicHttpAuthenticationModule - Username : katlego.mamabolo 
2018-12-28 13:57:06,131 [7] INFO  IPMSFeedService.BasicHttpAuthenticationModule - Username : satyapal 
2018-12-28 13:57:06,133 [8] INFO  IPMSFeedService.BasicHttpAuthenticationModule - Username : valenchia.rawlins 
2018-12-28 13:57:06,135 [7] INFO  IPMSFeedService.BasicHttpAuthenticationModule - Username : cmmi1 
2018-12-28 13:57:06,137 [8] INFO  IPMSFeedService.BasicHttpAuthenticationModule - Username : nagalakshmip 
2018-12-28 13:57:06,139 [7] INFO  IPMSFeedService.BasicHttpAuthenticationModule - Username : cmmi2 
2018-12-28 13:57:06,141 [8] INFO  IPMSFeedService.BasicHttpAuthenticationModule - Username : rakeshk 
2018-12-28 13:57:06,143 [7] INFO  IPMSFeedService.BasicHttpAuthenticationModule - Username : cmmi3 
2018-12-28 13:57:06,145 [8] INFO  IPMSFeedService.BasicHttpAuthenticationModule - Username : rohitkumar 
2018-12-28 13:57:06,147 [7] INFO  IPMSFeedService.BasicHttpAuthenticationModule - Username : lakshminavyam 
2018-12-28 13:57:06,148 [8] INFO  IPMSFeedService.BasicHttpAuthenticationModule - Username : satyapal 
2018-12-28 13:57:06,150 [7] INFO  IPMSFeedService.BasicHttpAuthenticationModule - Username : shivashankarm 
2018-12-28 13:57:06,152 [8] INFO  IPMSFeedService.BasicHttpAuthenticationModule - Username : cmmi1 
2018-12-28 13:57:06,154 [7] INFO  IPMSFeedService.BasicHttpAuthenticationModule - Username : balrajprabhakary 
2018-12-28 13:57:06,156 [8] INFO  IPMSFeedService.BasicHttpAuthenticationModule - Username : cmmi2 
2018-12-28 13:57:06,158 [7] INFO  IPMSFeedService.BasicHttpAuthenticationModule - Username : himathkumarv 
2018-12-28 13:57:06,159 [8] INFO  IPMSFeedService.BasicHttpAuthenticationModule - Username : cmmi3 
2018-12-28 13:57:06,161 [7] INFO  IPMSFeedService.BasicHttpAuthenticationModule - Username : paparaor 
2018-12-28 13:57:06,164 [8] INFO  IPMSFeedService.BasicHttpAuthenticationModule - Username : lakshminavyam 
2018-12-28 13:57:06,165 [7] INFO  IPMSFeedService.BasicHttpAuthenticationModule - Username : narenm 
2018-12-28 13:57:06,167 [8] INFO  IPMSFeedService.BasicHttpAuthenticationModule - Username : shivashankarm 
2018-12-28 13:57:06,169 [7] INFO  IPMSFeedService.BasicHttpAuthenticationModule - Username : ashvithab 
2018-12-28 13:57:06,171 [8] INFO  IPMSFeedService.BasicHttpAuthenticationModule - Username : balrajprabhakary 
2018-12-28 13:57:06,173 [7] INFO  IPMSFeedService.BasicHttpAuthenticationModule - Username : jeevankumarr 
2018-12-28 13:57:06,175 [8] INFO  IPMSFeedService.BasicHttpAuthenticationModule - Username : himathkumarv 
2018-12-28 13:57:06,176 [7] INFO  IPMSFeedService.BasicHttpAuthenticationModule - Username : maimunab 
2018-12-28 13:57:06,178 [8] INFO  IPMSFeedService.BasicHttpAuthenticationModule - Username : paparaor 
2018-12-28 13:57:06,180 [7] INFO  IPMSFeedService.BasicHttpAuthenticationModule - Username : nareshv 
2018-12-28 13:57:06,182 [8] INFO  IPMSFeedService.BasicHttpAuthenticationModule - Username : narenm 
2018-12-28 13:57:06,183 [7] INFO  IPMSFeedService.BasicHttpAuthenticationModule - Username : soujanyai 
2018-12-28 13:57:06,185 [8] INFO  IPMSFeedService.BasicHttpAuthenticationModule - Username : ashvithab 
2018-12-28 13:57:06,190 [8] INFO  IPMSFeedService.BasicHttpAuthenticationModule - Username : jeevankumarr 
2018-12-28 13:57:06,192 [7] INFO  IPMSFeedService.BasicHttpAuthenticationModule - Username : priyankab 
2018-12-28 13:57:06,193 [8] INFO  IPMSFeedService.BasicHttpAuthenticationModule - Username : maimunab 
2018-12-28 13:57:06,195 [7] INFO  IPMSFeedService.BasicHttpAuthenticationModule - Username : venkataashoka 
2018-12-28 13:57:06,197 [8] INFO  IPMSFeedService.BasicHttpAuthenticationModule - Username : nareshv 
2018-12-28 13:57:06,198 [7] INFO  IPMSFeedService.BasicHttpAuthenticationModule - Username : sharathkumarm 
2018-12-28 13:57:06,200 [8] INFO  IPMSFeedService.BasicHttpAuthenticationModule - Username : soujanyai 
2018-12-28 13:57:06,202 [7] INFO  IPMSFeedService.BasicHttpAuthenticationModule - Username : srinivasuk 
2018-12-28 13:57:06,207 [7] INFO  IPMSFeedService.BasicHttpAuthenticationModule - Username : rameshk 
2018-12-28 13:57:06,208 [8] INFO  IPMSFeedService.BasicHttpAuthenticationModule - Username : priyankab 
2018-12-28 13:57:06,210 [7] INFO  IPMSFeedService.BasicHttpAuthenticationModule - Username : krishna1 
2018-12-28 13:57:06,212 [8] INFO  IPMSFeedService.BasicHttpAuthenticationModule - Username : venkataashoka 
2018-12-28 13:57:06,214 [7] INFO  IPMSFeedService.BasicHttpAuthenticationModule - Username : nareshs 
2018-12-28 13:57:06,216 [8] INFO  IPMSFeedService.BasicHttpAuthenticationModule - Username : sharathkumarm 
2018-12-28 13:57:06,217 [7] INFO  IPMSFeedService.BasicHttpAuthenticationModule - Username : manojkumars 
2018-12-28 13:57:06,220 [8] INFO  IPMSFeedService.BasicHttpAuthenticationModule - Username : srinivasuk 
2018-12-28 13:57:06,221 [7] INFO  IPMSFeedService.BasicHttpAuthenticationModule - Username : aparnap 
2018-12-28 13:57:06,223 [8] INFO  IPMSFeedService.BasicHttpAuthenticationModule - Username : rameshk 
2018-12-28 13:57:06,225 [7] INFO  IPMSFeedService.BasicHttpAuthenticationModule - Username : gurucharang 
2018-12-28 13:57:06,226 [8] INFO  IPMSFeedService.BasicHttpAuthenticationModule - Username : krishna1 
2018-12-28 13:57:06,229 [7] INFO  IPMSFeedService.BasicHttpAuthenticationModule - Username : dileepkumarm 
